<?xml version="1.0" encoding="UTF-8"?>
<!-- Generated by org.testng.reporters.JUnitReportReporter -->
<testsuite skipped="0" hostname="DESKTOP-9SGOQR7" name="newpackage.CrossBrowserScript" tests="1" failures="0" timestamp="07 Aug 2017 19:09:52 GMT" time="2.498" errors="0">
  <testcase name="testParameterWithXML" time="2.498" classname="newpackage.CrossBrowserScript"/>
</testsuite> <!-- newpackage.CrossBrowserScript -->
